# JRE version: OpenJDK Runtime Environment Temurin-17.0.6+10 (17.0.6+10) (build 17.0.6+10)
# Java VM: OpenJDK 64-Bit Server VM Temurin-17.0.6+10 (17.0.6+10, mixed mode, tiered, compressed oops, compressed class ptrs, g1 gc, linux-amd64)
GC Precious Log:
 CPUs: 16 total, 16 available
 Memory: 15330M
 Large Page Support: Disabled
 NUMA Support: Disabled
 Compressed Oops: Enabled (32-bit)
 Heap Region Size: 1M
 Heap Min Capacity: 64M
 Heap Initial Capacity: 64M
 Heap Max Capacity: 1G
 Pre-touch: Disabled
 Parallel Workers: 13
 Concurrent Workers: 3
 Concurrent Refinement Workers: 13
 Periodic GC: Disabled
Heap:
 garbage-first heap   total 65536K, used 29015K [0x00000000c0000000, 0x0000000100000000)
  region size 1024K, 8 young (8192K), 4 survivors (4096K)
 Metaspace       used 41594K, committed 42624K, reserved 1089536K
  class space    used 4786K, committed 5184K, reserved 1048576K
GC Heap History (14 events):
Event: 0,398 GC heap before
{Heap before GC invocations=0 (full 0):
 garbage-first heap   total 65536K, used 22528K [0x00000000c0000000, 0x0000000100000000)
  region size 1024K, 23 young (23552K), 0 survivors (0K)
 Metaspace       used 12130K, committed 12288K, reserved 1064960K
  class space    used 1205K, committed 1280K, reserved 1048576K
}
Event: 0,405 GC heap after
{Heap after GC invocations=1 (full 0):
 garbage-first heap   total 65536K, used 6768K [0x00000000c0000000, 0x0000000100000000)
  region size 1024K, 3 young (3072K), 3 survivors (3072K)
 Metaspace       used 12130K, committed 12288K, reserved 1064960K
  class space    used 1205K, committed 1280K, reserved 1048576K
}
Event: 0,694 GC heap before
{Heap before GC invocations=1 (full 0):
 garbage-first heap   total 65536K, used 29296K [0x00000000c0000000, 0x0000000100000000)
  region size 1024K, 25 young (25600K), 3 survivors (3072K)
 Metaspace       used 18539K, committed 18944K, reserved 1073152K
  class space    used 1888K, committed 2048K, reserved 1048576K
}
Event: 0,698 GC heap after
{Heap after GC invocations=2 (full 0):
 garbage-first heap   total 65536K, used 10110K [0x00000000c0000000, 0x0000000100000000)
  region size 1024K, 3 young (3072K), 3 survivors (3072K)
 Metaspace       used 18539K, committed 18944K, reserved 1073152K
  class space    used 1888K, committed 2048K, reserved 1048576K
}
Event: 0,840 GC heap before
{Heap before GC invocations=2 (full 0):
 garbage-first heap   total 65536K, used 18302K [0x00000000c0000000, 0x0000000100000000)
  region size 1024K, 13 young (13312K), 3 survivors (3072K)
 Metaspace       used 21019K, committed 21504K, reserved 1073152K
  class space    used 2159K, committed 2368K, reserved 1048576K
}
Event: 0,843 GC heap after
{Heap after GC invocations=3 (full 0):
 garbage-first heap   total 65536K, used 12358K [0x00000000c0000000, 0x0000000100000000)
  region size 1024K, 3 young (3072K), 3 survivors (3072K)
 Metaspace       used 21019K, committed 21504K, reserved 1073152K
  class space    used 2159K, committed 2368K, reserved 1048576K
}
Event: 1,102 GC heap before
{Heap before GC invocations=4 (full 0):
 garbage-first heap   total 65536K, used 37958K [0x00000000c0000000, 0x0000000100000000)
  region size 1024K, 28 young (28672K), 3 survivors (3072K)
 Metaspace       used 25980K, committed 26752K, reserved 1073152K
  class space    used 2769K, committed 3072K, reserved 1048576K
}
Event: 1,104 GC heap after
{Heap after GC invocations=5 (full 0):
 garbage-first heap   total 65536K, used 15935K [0x00000000c0000000, 0x0000000100000000)
  region size 1024K, 3 young (3072K), 3 survivors (3072K)
 Metaspace       used 25980K, committed 26752K, reserved 1073152K
  class space    used 2769K, committed 3072K, reserved 1048576K
}
Event: 1,400 GC heap before
{Heap before GC invocations=5 (full 0):
 garbage-first heap   total 65536K, used 42559K [0x00000000c0000000, 0x0000000100000000)
  region size 1024K, 30 young (30720K), 3 survivors (3072K)
 Metaspace       used 34638K, committed 35456K, reserved 1081344K
  class space    used 3796K, committed 4096K, reserved 1048576K
}
Event: 1,402 GC heap after
{Heap after GC invocations=6 (full 0):
 garbage-first heap   total 65536K, used 19577K [0x00000000c0000000, 0x0000000100000000)
  region size 1024K, 4 young (4096K), 4 survivors (4096K)
 Metaspace       used 34638K, committed 35456K, reserved 1081344K
  class space    used 3796K, committed 4096K, reserved 1048576K
}
Event: 1,453 GC heap before
{Heap before GC invocations=6 (full 0):
 garbage-first heap   total 65536K, used 22649K [0x00000000c0000000, 0x0000000100000000)
  region size 1024K, 8 young (8192K), 4 survivors (4096K)
 Metaspace       used 35537K, committed 36416K, reserved 1089536K
  class space    used 3922K, committed 4288K, reserved 1048576K
}
Event: 1,454 GC heap after
{Heap after GC invocations=7 (full 0):
 garbage-first heap   total 65536K, used 20302K [0x00000000c0000000, 0x0000000100000000)
  region size 1024K, 1 young (1024K), 1 survivors (1024K)
 Metaspace       used 35537K, committed 36416K, reserved 1089536K
  class space    used 3922K, committed 4288K, reserved 1048576K
}
Event: 1,825 GC heap before
{Heap before GC invocations=8 (full 0):
 garbage-first heap   total 65536K, used 44878K [0x00000000c0000000, 0x0000000100000000)
  region size 1024K, 26 young (26624K), 1 survivors (1024K)
 Metaspace       used 41031K, committed 42176K, reserved 1089536K
  class space    used 4729K, committed 5184K, reserved 1048576K
}
Event: 1,827 GC heap after
{Heap after GC invocations=9 (full 0):
 garbage-first heap   total 65536K, used 23895K [0x00000000c0000000, 0x0000000100000000)
  region size 1024K, 4 young (4096K), 4 survivors (4096K)
 Metaspace       used 41031K, committed 42176K, reserved 1089536K
  class space    used 4729K, committed 5184K, reserved 1048576K
}

